<?xml version="1.0" encoding="UTF-8"?>
<testng-results skipped="0" failed="1" total="11" passed="10">
  <reporter-output>
  </reporter-output>
  <suite name="Default suite" duration-ms="24049" started-at="2015-10-29T09:39:39Z" finished-at="2015-10-29T09:40:03Z">
    <groups>
    </groups>
    <test name="Default test" duration-ms="24049" started-at="2015-10-29T09:39:39Z" finished-at="2015-10-29T09:40:03Z">
      <class name="com.example.tests.ContactCreationTests">
        <test-method status="PASS" signature="setUp()[pri:0, instance:com.example.tests.ContactCreationTests@2aafb23c]" name="setUp" is-config="true" duration-ms="3137" started-at="2015-10-29T11:39:39Z" finished-at="2015-10-29T11:39:43Z">
          <reporter-output>
          </reporter-output>
        </test-method> <!-- setUp -->
        <test-method status="FAIL" signature="compareSumCountContacts()[pri:0, instance:com.example.tests.ContactCreationTests@2aafb23c]" name="compareSumCountContacts" duration-ms="5636" started-at="2015-10-29T11:39:43Z" finished-at="2015-10-29T11:39:48Z">
          <exception class="java.lang.NullPointerException">
            <full-stacktrace>
              <![CDATA[java.lang.NullPointerException
	at com.example.tests.ContactCreationTests.compareSumCountContacts(ContactCreationTests.java:57)
	at sun.reflect.NativeMethodAccessorImpl.invoke0(Native Method)
	at sun.reflect.NativeMethodAccessorImpl.invoke(Unknown Source)
	at sun.reflect.DelegatingMethodAccessorImpl.invoke(Unknown Source)
	at java.lang.reflect.Method.invoke(Unknown Source)
	at org.testng.internal.MethodInvocationHelper.invokeMethod(MethodInvocationHelper.java:85)
	at org.testng.internal.Invoker.invokeMethod(Invoker.java:639)
	at org.testng.internal.Invoker.invokeTestMethod(Invoker.java:816)
	at org.testng.internal.Invoker.invokeTestMethods(Invoker.java:1124)
	at org.testng.internal.TestMethodWorker.invokeTestMethods(TestMethodWorker.java:124)
	at org.testng.internal.TestMethodWorker.run(TestMethodWorker.java:108)
	at org.testng.TestRunner.privateRun(TestRunner.java:773)
	at org.testng.TestRunner.run(TestRunner.java:623)
	at org.testng.SuiteRunner.runTest(SuiteRunner.java:359)
	at org.testng.SuiteRunner.runSequentially(SuiteRunner.java:354)
	at org.testng.SuiteRunner.privateRun(SuiteRunner.java:312)
	at org.testng.SuiteRunner.run(SuiteRunner.java:261)
	at org.testng.SuiteRunnerWorker.runSuite(SuiteRunnerWorker.java:52)
	at org.testng.SuiteRunnerWorker.run(SuiteRunnerWorker.java:86)
	at org.testng.TestNG.runSuitesSequentially(TestNG.java:1185)
	at org.testng.TestNG.runSuitesLocally(TestNG.java:1110)
	at org.testng.TestNG.run(TestNG.java:1018)
	at org.testng.remote.RemoteTestNG.run(RemoteTestNG.java:112)
	at org.testng.remote.RemoteTestNG.initAndRun(RemoteTestNG.java:205)
	at org.testng.remote.RemoteTestNG.main(RemoteTestNG.java:176)
]]>
            </full-stacktrace>
          </exception> <!-- java.lang.NullPointerException -->
          <reporter-output>
          </reporter-output>
        </test-method> <!-- compareSumCountContacts -->
        <test-method status="PASS" signature="testNonEmptyContactCreation(com.example.tests.ContactData)[pri:0, instance:com.example.tests.ContactCreationTests@2aafb23c]" name="testNonEmptyContactCreation" duration-ms="1634" started-at="2015-10-29T11:39:49Z" data-provider="contactsFromFile" finished-at="2015-10-29T11:39:50Z">
          <params>
            <param index="0">
              <value>
                <![CDATA[ContactData [firstName=, lastName=, address=test1392035342, phoneHome=, phoneMobile=test1612744399, phoneWork=test435676281, email_1=, email_2=mail832532789@aol.com, bDay=8, bMonth=null, bYear=1912, groupName=null, address_2=, phoneOther=]]]>
              </value>
            </param>
          </params>
          <reporter-output>
          </reporter-output>
        </test-method> <!-- testNonEmptyContactCreation -->
        <test-method status="PASS" signature="testNonEmptyContactCreation(com.example.tests.ContactData)[pri:0, instance:com.example.tests.ContactCreationTests@2aafb23c]" name="testNonEmptyContactCreation" duration-ms="1121" started-at="2015-10-29T11:39:50Z" data-provider="contactsFromFile" finished-at="2015-10-29T11:39:51Z">
          <params>
            <param index="0">
              <value>
                <![CDATA[ContactData [firstName=, lastName=test-876062398, address=, phoneHome=, phoneMobile=, phoneWork=test705035480, email_1=, email_2=mail-1275288896@aol.com, bDay=6, bMonth=null, bYear=1902, groupName=null, address_2=, phoneOther=]]]>
              </value>
            </param>
          </params>
          <reporter-output>
          </reporter-output>
        </test-method> <!-- testNonEmptyContactCreation -->
        <test-method status="PASS" signature="testNonEmptyContactCreation(com.example.tests.ContactData)[pri:0, instance:com.example.tests.ContactCreationTests@2aafb23c]" name="testNonEmptyContactCreation" duration-ms="1197" started-at="2015-10-29T11:39:51Z" data-provider="contactsFromFile" finished-at="2015-10-29T11:39:53Z">
          <params>
            <param index="0">
              <value>
                <![CDATA[ContactData [firstName=test78222435, lastName=, address=, phoneHome=test-1486659775, phoneMobile=test-1716808549, phoneWork=, email_1=mail-1227705511@aol.com, email_2=, bDay=15, bMonth=null, bYear=1901, groupName=null, address_2=test-1777696545, phoneOther=test-1601781016]]]>
              </value>
            </param>
          </params>
          <reporter-output>
          </reporter-output>
        </test-method> <!-- testNonEmptyContactCreation -->
        <test-method status="PASS" signature="testNonEmptyContactCreation(com.example.tests.ContactData)[pri:0, instance:com.example.tests.ContactCreationTests@2aafb23c]" name="testNonEmptyContactCreation" duration-ms="1212" started-at="2015-10-29T11:39:53Z" data-provider="contactsFromFile" finished-at="2015-10-29T11:39:54Z">
          <params>
            <param index="0">
              <value>
                <![CDATA[ContactData [firstName=test1806125992, lastName=, address=test1960513011, phoneHome=test-8147713, phoneMobile=test862006604, phoneWork=test1800738963, email_1=mail606324626@aol.com, email_2=, bDay=30, bMonth=null, bYear=1901, groupName=null, address_2=test-1119733639, phoneOther=test1230266454]]]>
              </value>
            </param>
          </params>
          <reporter-output>
          </reporter-output>
        </test-method> <!-- testNonEmptyContactCreation -->
        <test-method status="PASS" signature="testNonEmptyContactCreation(com.example.tests.ContactData)[pri:0, instance:com.example.tests.ContactCreationTests@2aafb23c]" name="testNonEmptyContactCreation" duration-ms="1268" started-at="2015-10-29T11:39:54Z" data-provider="contactsFromFile" finished-at="2015-10-29T11:39:55Z">
          <params>
            <param index="0">
              <value>
                <![CDATA[ContactData [firstName=, lastName=, address=test1976161841, phoneHome=, phoneMobile=test-1319021744, phoneWork=test1476596950, email_1=, email_2=mail-1712387022@aol.com, bDay=18, bMonth=null, bYear=1908, groupName=null, address_2=, phoneOther=]]]>
              </value>
            </param>
          </params>
          <reporter-output>
          </reporter-output>
        </test-method> <!-- testNonEmptyContactCreation -->
        <test-method status="PASS" signature="testNonEmptyContactCreation(com.example.tests.ContactData)[pri:0, instance:com.example.tests.ContactCreationTests@2aafb23c]" name="testNonEmptyContactCreation" duration-ms="3609" started-at="2015-10-29T11:39:55Z" data-provider="contactsFromFile" finished-at="2015-10-29T11:39:59Z">
          <params>
            <param index="0">
              <value>
                <![CDATA[ContactData [firstName=test1531610825, lastName=test352658934, address=test591519004, phoneHome=, phoneMobile=test-224294102, phoneWork=test-153402566, email_1=mail-1346838572@aol.com, email_2=mail-1295249172@aol.com, bDay=17, bMonth=null, bYear=1909, groupName=null, address_2=test-659470773, phoneOther=test1512267456]]]>
              </value>
            </param>
          </params>
          <reporter-output>
          </reporter-output>
        </test-method> <!-- testNonEmptyContactCreation -->
        <test-method status="PASS" signature="testNonEmptyContactCreation(com.example.tests.ContactData)[pri:0, instance:com.example.tests.ContactCreationTests@2aafb23c]" name="testNonEmptyContactCreation" duration-ms="1011" started-at="2015-10-29T11:39:59Z" data-provider="contactsFromFile" finished-at="2015-10-29T11:40:00Z">
          <params>
            <param index="0">
              <value>
                <![CDATA[ContactData [firstName=, lastName=, address=test384779955, phoneHome=, phoneMobile=, phoneWork=test724021248, email_1=, email_2=, bDay=26, bMonth=null, bYear=1903, groupName=null, address_2=, phoneOther=test709903627]]]>
              </value>
            </param>
          </params>
          <reporter-output>
          </reporter-output>
        </test-method> <!-- testNonEmptyContactCreation -->
        <test-method status="PASS" signature="testNonEmptyContactCreation(com.example.tests.ContactData)[pri:0, instance:com.example.tests.ContactCreationTests@2aafb23c]" name="testNonEmptyContactCreation" duration-ms="1113" started-at="2015-10-29T11:40:00Z" data-provider="contactsFromFile" finished-at="2015-10-29T11:40:01Z">
          <params>
            <param index="0">
              <value>
                <![CDATA[ContactData [firstName=, lastName=, address=, phoneHome=, phoneMobile=, phoneWork=, email_1=, email_2=mail544115326@aol.com, bDay=21, bMonth=null, bYear=1906, groupName=null, address_2=test-2138318418, phoneOther=]]]>
              </value>
            </param>
          </params>
          <reporter-output>
          </reporter-output>
        </test-method> <!-- testNonEmptyContactCreation -->
        <test-method status="PASS" signature="testNonEmptyContactCreation(com.example.tests.ContactData)[pri:0, instance:com.example.tests.ContactCreationTests@2aafb23c]" name="testNonEmptyContactCreation" duration-ms="1080" started-at="2015-10-29T11:40:01Z" data-provider="contactsFromFile" finished-at="2015-10-29T11:40:02Z">
          <params>
            <param index="0">
              <value>
                <![CDATA[ContactData [firstName=test-1695936075, lastName=test344526662, address=test219070672, phoneHome=test-730589049, phoneMobile=test799361304, phoneWork=, email_1=, email_2=, bDay=26, bMonth=null, bYear=1901, groupName=null, address_2=test1009910794, phoneOther=]]]>
              </value>
            </param>
          </params>
          <reporter-output>
          </reporter-output>
        </test-method> <!-- testNonEmptyContactCreation -->
        <test-method status="PASS" signature="testNonEmptyContactCreation(com.example.tests.ContactData)[pri:0, instance:com.example.tests.ContactCreationTests@2aafb23c]" name="testNonEmptyContactCreation" duration-ms="1129" started-at="2015-10-29T11:40:02Z" data-provider="contactsFromFile" finished-at="2015-10-29T11:40:03Z">
          <params>
            <param index="0">
              <value>
                <![CDATA[ContactData [firstName=test-1678323752, lastName=test-906785007, address=test-617700541, phoneHome=test-2001152057, phoneMobile=test1603359612, phoneWork=, email_1=mail395982095@aol.com, email_2=mail-849268104@aol.com, bDay=23, bMonth=null, bYear=1908, groupName=null, address_2=test833961708, phoneOther=]]]>
              </value>
            </param>
          </params>
          <reporter-output>
          </reporter-output>
        </test-method> <!-- testNonEmptyContactCreation -->
        <test-method status="PASS" signature="tearDown()[pri:0, instance:com.example.tests.ContactCreationTests@2aafb23c]" name="tearDown" is-config="true" duration-ms="478" started-at="2015-10-29T11:40:03Z" finished-at="2015-10-29T11:40:03Z">
          <reporter-output>
          </reporter-output>
        </test-method> <!-- tearDown -->
      </class> <!-- com.example.tests.ContactCreationTests -->
    </test> <!-- Default test -->
  </suite> <!-- Default suite -->
</testng-results>
