<?xml version="1.0" encoding="UTF-8"?>
<!-- Generated by org.testng.reporters.JUnitXMLReporter -->
<testsuite hostname="Zemlyanskyi" name="Default test" tests="10" failures="0" timestamp="8 Oct 2015 13:58:18 GMT" time="14.416" errors="0">
  <testcase name="testGroupCreationWithValidDate" time="1.563" classname="com.example.tests.GroupCreationTests"/>
  <testcase name="testGroupCreationWithValidDate" time="0.706" classname="com.example.tests.GroupCreationTests"/>
  <testcase name="testGroupCreationWithValidDate" time="0.704" classname="com.example.tests.GroupCreationTests"/>
  <testcase name="testGroupCreationWithValidDate" time="0.681" classname="com.example.tests.GroupCreationTests"/>
  <testcase name="testGroupCreationWithValidDate" time="0.675" classname="com.example.tests.GroupCreationTests"/>
  <testcase name="testGroupCreationWithValidDate" time="0.689" classname="com.example.tests.GroupCreationTests"/>
  <testcase name="testGroupCreationWithValidDate" time="0.684" classname="com.example.tests.GroupCreationTests"/>
  <testcase name="testGroupCreationWithValidDate" time="0.821" classname="com.example.tests.GroupCreationTests"/>
  <testcase name="testGroupCreationWithValidDate" time="0.772" classname="com.example.tests.GroupCreationTests"/>
  <testcase name="testGroupCreationWithValidDate" time="0.703" classname="com.example.tests.GroupCreationTests"/>
</testsuite> <!-- Default test -->
